{"level":"error","message":"Error: Unsupported content type: application/json","timestamp":"2023-11-24T04:12:38.982Z"}
{"level":"error","message":"Error: Unsupported content type: application/json","timestamp":"2023-11-24T07:03:13.364Z"}
{"level":"error","message":"Error: Unsupported content type: application/json","timestamp":"2023-11-24T07:09:06.281Z"}
{"level":"error","message":"PrismaClientKnownRequestError: \nInvalid `prisma.receipt.create()` invocation in\nC:\\Users\\Admin\\OneDrive\\Documents\\Github repositories\\renewflow\\server\\src\\data\\renewal-data.ts:231:50\n\n  228   >\n  229 ) => {\n  230   try {\n→ 231     const created_receipt = await prisma.receipt.create(\nThe provided value for the column is too long for the column's type. Column: (not available)","timestamp":"2023-11-24T11:08:22.542Z"}
{"level":"error","message":"TypeError: Cannot read properties of undefined (reading '0')","timestamp":"2023-11-24T11:51:46.175Z"}
{"level":"error","message":"TypeError: Cannot read properties of undefined (reading '0')","timestamp":"2023-11-24T11:52:40.398Z"}
{"level":"error","message":"TypeError: Cannot read properties of undefined (reading '0')","timestamp":"2023-11-24T11:53:55.115Z"}
{"level":"error","message":"TypeError: Cannot read properties of undefined (reading '0')","timestamp":"2023-11-24T12:10:22.917Z"}
{"level":"error","message":"TypeError: Cannot read properties of undefined (reading '0')","timestamp":"2023-11-24T12:11:10.052Z"}
{"level":"error","message":"TypeError: Cannot read properties of undefined (reading '0')","timestamp":"2023-11-24T12:12:27.322Z"}
{"level":"error","message":"TypeError: Cannot read properties of undefined (reading '0')","timestamp":"2023-11-24T12:13:42.182Z"}
{"level":"error","message":"File Size Limit Exceeded 5 MB","timestamp":"2023-11-24T12:17:49.383Z"}
{"level":"error","message":"TypeError: Cannot read properties of undefined (reading '0')","timestamp":"2023-11-24T12:19:32.820Z"}
{"level":"error","message":"TypeError: Cannot read properties of undefined (reading '0')","timestamp":"2023-11-24T14:25:43.501Z"}
{"level":"error","message":"TypeError: Cannot read properties of undefined (reading '0')","timestamp":"2023-11-24T14:26:32.485Z"}
{"level":"error","message":"TypeError: Cannot read properties of undefined (reading '0')","timestamp":"2023-11-24T14:27:11.757Z"}
{"level":"error","message":"TypeError: Cannot read properties of undefined (reading '0')","timestamp":"2023-11-24T14:28:37.787Z"}
{"level":"error","message":"TypeError: Cannot read properties of undefined (reading '0')","timestamp":"2023-11-24T14:29:50.348Z"}
{"level":"error","message":"TypeError: Cannot read properties of undefined (reading '0')","timestamp":"2023-11-24T14:31:01.570Z"}
{"level":"error","message":"TypeError: Cannot read properties of undefined (reading '0')","timestamp":"2023-11-24T14:32:29.223Z"}
{"level":"error","message":"TypeError: Cannot read properties of undefined (reading '0')","timestamp":"2023-11-24T14:33:48.801Z"}
{"level":"error","message":"TypeError: Cannot read properties of undefined (reading '0')","timestamp":"2023-11-24T14:35:28.595Z"}
{"level":"error","message":"PrismaClientKnownRequestError: Transaction API error: Unable to start a transaction in the given time.","timestamp":"2023-11-25T03:24:48.845Z"}
{"level":"error","message":"PrismaClientKnownRequestError: Transaction API error: Unable to start a transaction in the given time.","timestamp":"2023-11-25T03:32:32.452Z"}
{"level":"error","message":"PrismaClientKnownRequestError: \nInvalid `prisma.member.findMany()` invocation in\nC:\\Users\\Admin\\OneDrive\\Documents\\Github repositories\\renewflow\\server\\src\\data\\register-data.ts:199:46\n\n  196 \n  197 export const handleFetchRegisteredPeople = async () => {\n  198   try {\n→ 199     const fetched_data = await prisma.member.findMany(\nTimed out fetching a new connection from the connection pool. More info: http://pris.ly/d/connection-pool (Current connection pool timeout: 10, connection limit: 9)","timestamp":"2023-11-25T06:59:51.292Z"}
{"level":"error","message":"PrismaClientKnownRequestError: Transaction API error: Unable to start a transaction in the given time.","timestamp":"2023-12-12T02:14:28.708Z"}
{"level":"error","message":"PrismaClientKnownRequestError: \nInvalid `prisma.member.count()` invocation in\nC:\\Users\\Admin\\OneDrive\\Documents\\Github repositories\\renewflow\\server\\src\\data\\demographics-data.ts:165:52\n\n  162 \n  163 export const handleFetchAllRenewalsCount = async () => {\n  164   try {\n→ 165     const all_renewals_count = await prisma.member.count(\nTimed out fetching a new connection from the connection pool. More info: http://pris.ly/d/connection-pool (Current connection pool timeout: 10, connection limit: 9)","timestamp":"2023-12-12T12:31:18.216Z"}
{"level":"error","message":"PrismaClientKnownRequestError: \nInvalid `prisma.member.findMany()` invocation in\nC:\\Users\\Admin\\OneDrive\\Documents\\Github repositories\\renewflow\\server\\src\\data\\demographics-data.ts:198:48\n\n  195 };\n  196 export const handleFetchRenewalsCount = async () => {\n  197   try {\n→ 198     const renewals_count = await prisma.member.findMany(\nTimed out fetching a new connection from the connection pool. More info: http://pris.ly/d/connection-pool (Current connection pool timeout: 10, connection limit: 9)","timestamp":"2023-12-12T12:31:18.222Z"}
{"level":"error","message":"PrismaClientKnownRequestError: \nInvalid `prisma.member.count()` invocation in\nC:\\Users\\Admin\\OneDrive\\Documents\\Github repositories\\renewflow\\server\\src\\data\\demographics-data.ts:240:48\n\n  237 };\n  238 export const handleFetchRegisterCount = async () => {\n  239   try {\n→ 240     const register_count = await prisma.member.count(\nTimed out fetching a new connection from the connection pool. More info: http://pris.ly/d/connection-pool (Current connection pool timeout: 10, connection limit: 9)","timestamp":"2023-12-12T12:31:18.224Z"}
{"level":"error","message":"PrismaClientKnownRequestError: \nInvalid `prisma.user.create()` invocation in\nC:\\Users\\Admin\\OneDrive\\Documents\\Github repositories\\renewflow\\server\\src\\data\\user-data.ts:16:37\n\n  13 export const handleLogin = async (user: UserType) => {\n  14   try {\n  15     const hashed_password = await hashPassword(user);\n→ 16     const login = await prisma.user.create(\nUnique constraint failed on the fields: (`username`)","timestamp":"2023-12-12T14:33:20.341Z"}
{"level":"error","message":"PrismaClientKnownRequestError: \nInvalid `prisma.member.findMany()` invocation in\nC:\\Users\\Admin\\OneDrive\\Documents\\Github repositories\\renewflow\\server\\src\\data\\demographics-data.ts:198:48\n\n  195 };\n  196 export const handleFetchRenewalsCount = async () => {\n  197   try {\n→ 198     const renewals_count = await prisma.member.findMany(\nTimed out fetching a new connection from the connection pool. More info: http://pris.ly/d/connection-pool (Current connection pool timeout: 10, connection limit: 9)","timestamp":"2023-12-13T02:55:26.284Z"}
{"level":"error","message":"PrismaClientKnownRequestError: \nInvalid `prisma.member.count()` invocation in\nC:\\Users\\Admin\\OneDrive\\Documents\\Github repositories\\renewflow\\server\\src\\data\\demographics-data.ts:165:52\n\n  162 \n  163 export const handleFetchAllRenewalsCount = async () => {\n  164   try {\n→ 165     const all_renewals_count = await prisma.member.count(\nTimed out fetching a new connection from the connection pool. More info: http://pris.ly/d/connection-pool (Current connection pool timeout: 10, connection limit: 9)","timestamp":"2023-12-13T02:55:26.288Z"}
{"level":"error","message":"PrismaClientKnownRequestError: \nInvalid `prisma.member.count()` invocation in\nC:\\Users\\Admin\\OneDrive\\Documents\\Github repositories\\renewflow\\server\\src\\data\\demographics-data.ts:240:48\n\n  237 };\n  238 export const handleFetchRegisterCount = async () => {\n  239   try {\n→ 240     const register_count = await prisma.member.count(\nTimed out fetching a new connection from the connection pool. More info: http://pris.ly/d/connection-pool (Current connection pool timeout: 10, connection limit: 9)","timestamp":"2023-12-13T02:55:26.289Z"}
{"level":"error","message":"PrismaClientKnownRequestError: Transaction API error: Unable to start a transaction in the given time.","timestamp":"2023-12-13T05:04:47.482Z"}
{"level":"error","message":"PrismaClientKnownRequestError: \nInvalid `prisma.member.findUnique()` invocation in\nC:\\Users\\Admin\\OneDrive\\Documents\\Github repositories\\renewflow\\server\\src\\data\\demographics-data.ts:98:46\n\n  95 \n  96 export const handleFetchSubmittedData = async (id: string) => {\n  97   try {\n→ 98     const fetched_data = await prisma.member.findUnique(\nTimed out fetching a new connection from the connection pool. More info: http://pris.ly/d/connection-pool (Current connection pool timeout: 10, connection limit: 9)","timestamp":"2023-12-13T05:34:31.893Z"}
{"level":"error","message":"PrismaClientKnownRequestError: \nInvalid `prisma.member.findUnique()` invocation in\nC:\\Users\\Admin\\OneDrive\\Documents\\Github repositories\\renewflow\\server\\src\\data\\demographics-data.ts:98:46\n\n  95 \n  96 export const handleFetchSubmittedData = async (id: string) => {\n  97   try {\n→ 98     const fetched_data = await prisma.member.findUnique(\nTimed out fetching a new connection from the connection pool. More info: http://pris.ly/d/connection-pool (Current connection pool timeout: 10, connection limit: 9)","timestamp":"2023-12-13T05:34:42.941Z"}
